2019-04-29 13:35:21,061 INFO [org.springframework.test.context.support.DefaultTestContextBootstrapper] - Loaded default TestExecutionListener class names from location [META-INF/spring.factories]: [org.springframework.test.context.web.ServletTestExecutionListener, org.springframework.test.context.support.DirtiesContextBeforeModesTestExecutionListener, org.springframework.test.context.support.DependencyInjectionTestExecutionListener, org.springframework.test.context.support.DirtiesContextTestExecutionListener, org.springframework.test.context.transaction.TransactionalTestExecutionListener, org.springframework.test.context.jdbc.SqlScriptsTestExecutionListener]
2019-04-29 13:35:21,102 INFO [org.springframework.test.context.support.DefaultTestContextBootstrapper] - Using TestExecutionListeners: [org.springframework.test.context.web.ServletTestExecutionListener@75f32542, org.springframework.test.context.support.DirtiesContextBeforeModesTestExecutionListener@7f1302d6, org.springframework.test.context.support.DependencyInjectionTestExecutionListener@43ee72e6, org.springframework.test.context.support.DirtiesContextTestExecutionListener@23529fee, org.springframework.test.context.transaction.TransactionalTestExecutionListener@4fe767f3, org.springframework.test.context.jdbc.SqlScriptsTestExecutionListener@2805c96b]
2019-04-29 13:35:21,298 INFO [org.springframework.beans.factory.xml.XmlBeanDefinitionReader] - Loading XML bean definitions from class path resource [spring-context.xml]
2019-04-29 13:35:21,688 INFO [org.springframework.beans.factory.xml.XmlBeanDefinitionReader] - Loading XML bean definitions from class path resource [spring-context-druid.xml]
2019-04-29 13:35:21,807 INFO [org.springframework.beans.factory.xml.XmlBeanDefinitionReader] - Loading XML bean definitions from class path resource [spring-context-mybatis.xml]
2019-04-29 13:35:21,840 INFO [org.springframework.context.support.GenericApplicationContext] - Refreshing org.springframework.context.support.GenericApplicationContext@353d0772: startup date [Mon Apr 29 13:35:21 CST 2019]; root of context hierarchy
2019-04-29 13:35:22,701 INFO [com.alibaba.druid.pool.DruidDataSource] - {dataSource-1} inited
2019-04-29 13:35:23,135 INFO [org.springframework.context.support.GenericApplicationContext] - Closing org.springframework.context.support.GenericApplicationContext@353d0772: startup date [Mon Apr 29 13:35:21 CST 2019]; root of context hierarchy
2019-04-29 13:35:23,139 INFO [com.alibaba.druid.pool.DruidDataSource] - {dataSource-1} closed
2019-04-29 13:36:41,568 INFO [org.springframework.test.context.support.DefaultTestContextBootstrapper] - Loaded default TestExecutionListener class names from location [META-INF/spring.factories]: [org.springframework.test.context.web.ServletTestExecutionListener, org.springframework.test.context.support.DirtiesContextBeforeModesTestExecutionListener, org.springframework.test.context.support.DependencyInjectionTestExecutionListener, org.springframework.test.context.support.DirtiesContextTestExecutionListener, org.springframework.test.context.transaction.TransactionalTestExecutionListener, org.springframework.test.context.jdbc.SqlScriptsTestExecutionListener]
2019-04-29 13:36:41,602 INFO [org.springframework.test.context.support.DefaultTestContextBootstrapper] - Using TestExecutionListeners: [org.springframework.test.context.web.ServletTestExecutionListener@75f32542, org.springframework.test.context.support.DirtiesContextBeforeModesTestExecutionListener@7f1302d6, org.springframework.test.context.support.DependencyInjectionTestExecutionListener@43ee72e6, org.springframework.test.context.support.DirtiesContextTestExecutionListener@23529fee, org.springframework.test.context.transaction.TransactionalTestExecutionListener@4fe767f3, org.springframework.test.context.jdbc.SqlScriptsTestExecutionListener@2805c96b]
2019-04-29 13:36:41,764 INFO [org.springframework.beans.factory.xml.XmlBeanDefinitionReader] - Loading XML bean definitions from class path resource [spring-context.xml]
2019-04-29 13:36:42,244 INFO [org.springframework.beans.factory.xml.XmlBeanDefinitionReader] - Loading XML bean definitions from class path resource [spring-context-druid.xml]
2019-04-29 13:36:42,293 INFO [org.springframework.beans.factory.xml.XmlBeanDefinitionReader] - Loading XML bean definitions from class path resource [spring-context-mybatis.xml]
2019-04-29 13:36:42,321 INFO [org.springframework.context.support.GenericApplicationContext] - Refreshing org.springframework.context.support.GenericApplicationContext@353d0772: startup date [Mon Apr 29 13:36:42 CST 2019]; root of context hierarchy
2019-04-29 13:36:43,182 INFO [com.alibaba.druid.pool.DruidDataSource] - {dataSource-1} inited
2019-04-29 13:36:43,608 INFO [org.springframework.context.support.GenericApplicationContext] - Closing org.springframework.context.support.GenericApplicationContext@353d0772: startup date [Mon Apr 29 13:36:42 CST 2019]; root of context hierarchy
2019-04-29 13:36:43,612 INFO [com.alibaba.druid.pool.DruidDataSource] - {dataSource-1} closed
2019-04-29 13:38:04,913 INFO [org.springframework.test.context.support.DefaultTestContextBootstrapper] - Loaded default TestExecutionListener class names from location [META-INF/spring.factories]: [org.springframework.test.context.web.ServletTestExecutionListener, org.springframework.test.context.support.DirtiesContextBeforeModesTestExecutionListener, org.springframework.test.context.support.DependencyInjectionTestExecutionListener, org.springframework.test.context.support.DirtiesContextTestExecutionListener, org.springframework.test.context.transaction.TransactionalTestExecutionListener, org.springframework.test.context.jdbc.SqlScriptsTestExecutionListener]
2019-04-29 13:38:04,957 INFO [org.springframework.test.context.support.DefaultTestContextBootstrapper] - Using TestExecutionListeners: [org.springframework.test.context.web.ServletTestExecutionListener@75f32542, org.springframework.test.context.support.DirtiesContextBeforeModesTestExecutionListener@7f1302d6, org.springframework.test.context.support.DependencyInjectionTestExecutionListener@43ee72e6, org.springframework.test.context.support.DirtiesContextTestExecutionListener@23529fee, org.springframework.test.context.transaction.TransactionalTestExecutionListener@4fe767f3, org.springframework.test.context.jdbc.SqlScriptsTestExecutionListener@2805c96b]
2019-04-29 13:38:05,165 INFO [org.springframework.beans.factory.xml.XmlBeanDefinitionReader] - Loading XML bean definitions from class path resource [spring-context.xml]
2019-04-29 13:38:05,694 INFO [org.springframework.beans.factory.xml.XmlBeanDefinitionReader] - Loading XML bean definitions from class path resource [spring-context-druid.xml]
2019-04-29 13:38:05,749 INFO [org.springframework.beans.factory.xml.XmlBeanDefinitionReader] - Loading XML bean definitions from class path resource [spring-context-mybatis.xml]
2019-04-29 13:38:05,776 INFO [org.springframework.context.support.GenericApplicationContext] - Refreshing org.springframework.context.support.GenericApplicationContext@353d0772: startup date [Mon Apr 29 13:38:05 CST 2019]; root of context hierarchy
2019-04-29 13:38:06,843 INFO [com.alibaba.druid.pool.DruidDataSource] - {dataSource-1} inited
2019-04-29 13:38:07,308 INFO [org.springframework.context.support.GenericApplicationContext] - Closing org.springframework.context.support.GenericApplicationContext@353d0772: startup date [Mon Apr 29 13:38:05 CST 2019]; root of context hierarchy
2019-04-29 13:38:07,313 INFO [com.alibaba.druid.pool.DruidDataSource] - {dataSource-1} closed
2019-04-29 13:38:52,830 INFO [org.springframework.test.context.support.DefaultTestContextBootstrapper] - Loaded default TestExecutionListener class names from location [META-INF/spring.factories]: [org.springframework.test.context.web.ServletTestExecutionListener, org.springframework.test.context.support.DirtiesContextBeforeModesTestExecutionListener, org.springframework.test.context.support.DependencyInjectionTestExecutionListener, org.springframework.test.context.support.DirtiesContextTestExecutionListener, org.springframework.test.context.transaction.TransactionalTestExecutionListener, org.springframework.test.context.jdbc.SqlScriptsTestExecutionListener]
2019-04-29 13:38:52,880 INFO [org.springframework.test.context.support.DefaultTestContextBootstrapper] - Using TestExecutionListeners: [org.springframework.test.context.web.ServletTestExecutionListener@75f32542, org.springframework.test.context.support.DirtiesContextBeforeModesTestExecutionListener@7f1302d6, org.springframework.test.context.support.DependencyInjectionTestExecutionListener@43ee72e6, org.springframework.test.context.support.DirtiesContextTestExecutionListener@23529fee, org.springframework.test.context.transaction.TransactionalTestExecutionListener@4fe767f3, org.springframework.test.context.jdbc.SqlScriptsTestExecutionListener@2805c96b]
2019-04-29 13:38:53,051 INFO [org.springframework.beans.factory.xml.XmlBeanDefinitionReader] - Loading XML bean definitions from class path resource [spring-context.xml]
2019-04-29 13:38:53,523 INFO [org.springframework.beans.factory.xml.XmlBeanDefinitionReader] - Loading XML bean definitions from class path resource [spring-context-druid.xml]
2019-04-29 13:38:53,590 INFO [org.springframework.beans.factory.xml.XmlBeanDefinitionReader] - Loading XML bean definitions from class path resource [spring-context-mybatis.xml]
2019-04-29 13:38:53,641 INFO [org.springframework.context.support.GenericApplicationContext] - Refreshing org.springframework.context.support.GenericApplicationContext@353d0772: startup date [Mon Apr 29 13:38:53 CST 2019]; root of context hierarchy
2019-04-29 13:38:54,562 INFO [com.alibaba.druid.pool.DruidDataSource] - {dataSource-1} inited
2019-04-29 13:38:55,004 INFO [org.springframework.context.support.GenericApplicationContext] - Closing org.springframework.context.support.GenericApplicationContext@353d0772: startup date [Mon Apr 29 13:38:53 CST 2019]; root of context hierarchy
2019-04-29 13:38:55,009 INFO [com.alibaba.druid.pool.DruidDataSource] - {dataSource-1} closed
2019-04-29 13:39:30,003 INFO [org.springframework.test.context.support.DefaultTestContextBootstrapper] - Loaded default TestExecutionListener class names from location [META-INF/spring.factories]: [org.springframework.test.context.web.ServletTestExecutionListener, org.springframework.test.context.support.DirtiesContextBeforeModesTestExecutionListener, org.springframework.test.context.support.DependencyInjectionTestExecutionListener, org.springframework.test.context.support.DirtiesContextTestExecutionListener, org.springframework.test.context.transaction.TransactionalTestExecutionListener, org.springframework.test.context.jdbc.SqlScriptsTestExecutionListener]
2019-04-29 13:39:30,047 INFO [org.springframework.test.context.support.DefaultTestContextBootstrapper] - Using TestExecutionListeners: [org.springframework.test.context.web.ServletTestExecutionListener@75f32542, org.springframework.test.context.support.DirtiesContextBeforeModesTestExecutionListener@7f1302d6, org.springframework.test.context.support.DependencyInjectionTestExecutionListener@43ee72e6, org.springframework.test.context.support.DirtiesContextTestExecutionListener@23529fee, org.springframework.test.context.transaction.TransactionalTestExecutionListener@4fe767f3, org.springframework.test.context.jdbc.SqlScriptsTestExecutionListener@2805c96b]
2019-04-29 13:39:30,216 INFO [org.springframework.beans.factory.xml.XmlBeanDefinitionReader] - Loading XML bean definitions from class path resource [spring-context.xml]
2019-04-29 13:39:30,670 INFO [org.springframework.beans.factory.xml.XmlBeanDefinitionReader] - Loading XML bean definitions from class path resource [spring-context-druid.xml]
2019-04-29 13:39:30,746 INFO [org.springframework.beans.factory.xml.XmlBeanDefinitionReader] - Loading XML bean definitions from class path resource [spring-context-mybatis.xml]
2019-04-29 13:39:30,777 INFO [org.springframework.context.support.GenericApplicationContext] - Refreshing org.springframework.context.support.GenericApplicationContext@353d0772: startup date [Mon Apr 29 13:39:30 CST 2019]; root of context hierarchy
2019-04-29 13:39:31,657 INFO [com.alibaba.druid.pool.DruidDataSource] - {dataSource-1} inited
2019-04-29 13:39:32,088 INFO [org.springframework.context.support.GenericApplicationContext] - Closing org.springframework.context.support.GenericApplicationContext@353d0772: startup date [Mon Apr 29 13:39:30 CST 2019]; root of context hierarchy
2019-04-29 13:39:32,092 INFO [com.alibaba.druid.pool.DruidDataSource] - {dataSource-1} closed
2019-04-29 13:42:28,247 INFO [org.springframework.test.context.support.DefaultTestContextBootstrapper] - Loaded default TestExecutionListener class names from location [META-INF/spring.factories]: [org.springframework.test.context.web.ServletTestExecutionListener, org.springframework.test.context.support.DirtiesContextBeforeModesTestExecutionListener, org.springframework.test.context.support.DependencyInjectionTestExecutionListener, org.springframework.test.context.support.DirtiesContextTestExecutionListener, org.springframework.test.context.transaction.TransactionalTestExecutionListener, org.springframework.test.context.jdbc.SqlScriptsTestExecutionListener]
2019-04-29 13:42:28,287 INFO [org.springframework.test.context.support.DefaultTestContextBootstrapper] - Using TestExecutionListeners: [org.springframework.test.context.web.ServletTestExecutionListener@75f32542, org.springframework.test.context.support.DirtiesContextBeforeModesTestExecutionListener@7f1302d6, org.springframework.test.context.support.DependencyInjectionTestExecutionListener@43ee72e6, org.springframework.test.context.support.DirtiesContextTestExecutionListener@23529fee, org.springframework.test.context.transaction.TransactionalTestExecutionListener@4fe767f3, org.springframework.test.context.jdbc.SqlScriptsTestExecutionListener@2805c96b]
2019-04-29 13:42:28,457 INFO [org.springframework.beans.factory.xml.XmlBeanDefinitionReader] - Loading XML bean definitions from class path resource [spring-context.xml]
2019-04-29 13:42:28,860 INFO [org.springframework.beans.factory.xml.XmlBeanDefinitionReader] - Loading XML bean definitions from class path resource [spring-context-druid.xml]
2019-04-29 13:42:28,923 INFO [org.springframework.beans.factory.xml.XmlBeanDefinitionReader] - Loading XML bean definitions from class path resource [spring-context-mybatis.xml]
2019-04-29 13:42:28,965 INFO [org.springframework.context.support.GenericApplicationContext] - Refreshing org.springframework.context.support.GenericApplicationContext@353d0772: startup date [Mon Apr 29 13:42:28 CST 2019]; root of context hierarchy
2019-04-29 13:42:29,934 INFO [com.alibaba.druid.pool.DruidDataSource] - {dataSource-1} inited
2019-04-29 13:42:30,452 INFO [org.springframework.context.support.GenericApplicationContext] - Closing org.springframework.context.support.GenericApplicationContext@353d0772: startup date [Mon Apr 29 13:42:28 CST 2019]; root of context hierarchy
2019-04-29 13:42:30,456 INFO [com.alibaba.druid.pool.DruidDataSource] - {dataSource-1} closed
2019-04-29 13:43:01,806 INFO [org.springframework.test.context.support.DefaultTestContextBootstrapper] - Loaded default TestExecutionListener class names from location [META-INF/spring.factories]: [org.springframework.test.context.web.ServletTestExecutionListener, org.springframework.test.context.support.DirtiesContextBeforeModesTestExecutionListener, org.springframework.test.context.support.DependencyInjectionTestExecutionListener, org.springframework.test.context.support.DirtiesContextTestExecutionListener, org.springframework.test.context.transaction.TransactionalTestExecutionListener, org.springframework.test.context.jdbc.SqlScriptsTestExecutionListener]
2019-04-29 13:43:01,843 INFO [org.springframework.test.context.support.DefaultTestContextBootstrapper] - Using TestExecutionListeners: [org.springframework.test.context.web.ServletTestExecutionListener@75f32542, org.springframework.test.context.support.DirtiesContextBeforeModesTestExecutionListener@7f1302d6, org.springframework.test.context.support.DependencyInjectionTestExecutionListener@43ee72e6, org.springframework.test.context.support.DirtiesContextTestExecutionListener@23529fee, org.springframework.test.context.transaction.TransactionalTestExecutionListener@4fe767f3, org.springframework.test.context.jdbc.SqlScriptsTestExecutionListener@2805c96b]
2019-04-29 13:43:01,989 INFO [org.springframework.beans.factory.xml.XmlBeanDefinitionReader] - Loading XML bean definitions from class path resource [spring-context.xml]
2019-04-29 13:43:02,397 INFO [org.springframework.beans.factory.xml.XmlBeanDefinitionReader] - Loading XML bean definitions from class path resource [spring-context-druid.xml]
2019-04-29 13:43:02,466 INFO [org.springframework.beans.factory.xml.XmlBeanDefinitionReader] - Loading XML bean definitions from class path resource [spring-context-mybatis.xml]
2019-04-29 13:43:02,499 INFO [org.springframework.context.support.GenericApplicationContext] - Refreshing org.springframework.context.support.GenericApplicationContext@353d0772: startup date [Mon Apr 29 13:43:02 CST 2019]; root of context hierarchy
2019-04-29 13:43:03,383 INFO [com.alibaba.druid.pool.DruidDataSource] - {dataSource-1} inited
2019-04-29 13:43:03,799 INFO [org.springframework.context.support.GenericApplicationContext] - Closing org.springframework.context.support.GenericApplicationContext@353d0772: startup date [Mon Apr 29 13:43:02 CST 2019]; root of context hierarchy
2019-04-29 13:43:03,803 INFO [com.alibaba.druid.pool.DruidDataSource] - {dataSource-1} closed
2019-04-29 13:43:19,144 INFO [org.springframework.test.context.support.DefaultTestContextBootstrapper] - Loaded default TestExecutionListener class names from location [META-INF/spring.factories]: [org.springframework.test.context.web.ServletTestExecutionListener, org.springframework.test.context.support.DirtiesContextBeforeModesTestExecutionListener, org.springframework.test.context.support.DependencyInjectionTestExecutionListener, org.springframework.test.context.support.DirtiesContextTestExecutionListener, org.springframework.test.context.transaction.TransactionalTestExecutionListener, org.springframework.test.context.jdbc.SqlScriptsTestExecutionListener]
2019-04-29 13:43:19,188 INFO [org.springframework.test.context.support.DefaultTestContextBootstrapper] - Using TestExecutionListeners: [org.springframework.test.context.web.ServletTestExecutionListener@75f32542, org.springframework.test.context.support.DirtiesContextBeforeModesTestExecutionListener@7f1302d6, org.springframework.test.context.support.DependencyInjectionTestExecutionListener@43ee72e6, org.springframework.test.context.support.DirtiesContextTestExecutionListener@23529fee, org.springframework.test.context.transaction.TransactionalTestExecutionListener@4fe767f3, org.springframework.test.context.jdbc.SqlScriptsTestExecutionListener@2805c96b]
2019-04-29 13:43:19,404 INFO [org.springframework.beans.factory.xml.XmlBeanDefinitionReader] - Loading XML bean definitions from class path resource [spring-context.xml]
2019-04-29 13:43:19,781 INFO [org.springframework.beans.factory.xml.XmlBeanDefinitionReader] - Loading XML bean definitions from class path resource [spring-context-druid.xml]
2019-04-29 13:43:19,871 INFO [org.springframework.beans.factory.xml.XmlBeanDefinitionReader] - Loading XML bean definitions from class path resource [spring-context-mybatis.xml]
2019-04-29 13:43:19,935 INFO [org.springframework.context.support.GenericApplicationContext] - Refreshing org.springframework.context.support.GenericApplicationContext@353d0772: startup date [Mon Apr 29 13:43:19 CST 2019]; root of context hierarchy
2019-04-29 13:43:20,861 INFO [com.alibaba.druid.pool.DruidDataSource] - {dataSource-1} inited
2019-04-29 13:43:21,281 INFO [org.springframework.context.support.GenericApplicationContext] - Closing org.springframework.context.support.GenericApplicationContext@353d0772: startup date [Mon Apr 29 13:43:19 CST 2019]; root of context hierarchy
2019-04-29 13:43:21,284 INFO [com.alibaba.druid.pool.DruidDataSource] - {dataSource-1} closed
2019-04-29 13:44:11,204 INFO [org.springframework.test.context.support.DefaultTestContextBootstrapper] - Loaded default TestExecutionListener class names from location [META-INF/spring.factories]: [org.springframework.test.context.web.ServletTestExecutionListener, org.springframework.test.context.support.DirtiesContextBeforeModesTestExecutionListener, org.springframework.test.context.support.DependencyInjectionTestExecutionListener, org.springframework.test.context.support.DirtiesContextTestExecutionListener, org.springframework.test.context.transaction.TransactionalTestExecutionListener, org.springframework.test.context.jdbc.SqlScriptsTestExecutionListener]
2019-04-29 13:44:11,250 INFO [org.springframework.test.context.support.DefaultTestContextBootstrapper] - Using TestExecutionListeners: [org.springframework.test.context.web.ServletTestExecutionListener@75f32542, org.springframework.test.context.support.DirtiesContextBeforeModesTestExecutionListener@7f1302d6, org.springframework.test.context.support.DependencyInjectionTestExecutionListener@43ee72e6, org.springframework.test.context.support.DirtiesContextTestExecutionListener@23529fee, org.springframework.test.context.transaction.TransactionalTestExecutionListener@4fe767f3, org.springframework.test.context.jdbc.SqlScriptsTestExecutionListener@2805c96b]
2019-04-29 13:44:11,432 INFO [org.springframework.beans.factory.xml.XmlBeanDefinitionReader] - Loading XML bean definitions from class path resource [spring-context.xml]
2019-04-29 13:44:11,941 INFO [org.springframework.beans.factory.xml.XmlBeanDefinitionReader] - Loading XML bean definitions from class path resource [spring-context-druid.xml]
2019-04-29 13:44:12,046 INFO [org.springframework.beans.factory.xml.XmlBeanDefinitionReader] - Loading XML bean definitions from class path resource [spring-context-mybatis.xml]
2019-04-29 13:44:12,072 INFO [org.springframework.context.support.GenericApplicationContext] - Refreshing org.springframework.context.support.GenericApplicationContext@353d0772: startup date [Mon Apr 29 13:44:12 CST 2019]; root of context hierarchy
2019-04-29 13:44:13,048 INFO [com.alibaba.druid.pool.DruidDataSource] - {dataSource-1} inited
2019-04-29 13:44:13,479 INFO [org.springframework.context.support.GenericApplicationContext] - Closing org.springframework.context.support.GenericApplicationContext@353d0772: startup date [Mon Apr 29 13:44:12 CST 2019]; root of context hierarchy
2019-04-29 13:44:13,484 INFO [com.alibaba.druid.pool.DruidDataSource] - {dataSource-1} closed
2019-04-29 13:44:30,617 INFO [org.springframework.test.context.support.DefaultTestContextBootstrapper] - Loaded default TestExecutionListener class names from location [META-INF/spring.factories]: [org.springframework.test.context.web.ServletTestExecutionListener, org.springframework.test.context.support.DirtiesContextBeforeModesTestExecutionListener, org.springframework.test.context.support.DependencyInjectionTestExecutionListener, org.springframework.test.context.support.DirtiesContextTestExecutionListener, org.springframework.test.context.transaction.TransactionalTestExecutionListener, org.springframework.test.context.jdbc.SqlScriptsTestExecutionListener]
2019-04-29 13:44:30,657 INFO [org.springframework.test.context.support.DefaultTestContextBootstrapper] - Using TestExecutionListeners: [org.springframework.test.context.web.ServletTestExecutionListener@75f32542, org.springframework.test.context.support.DirtiesContextBeforeModesTestExecutionListener@7f1302d6, org.springframework.test.context.support.DependencyInjectionTestExecutionListener@43ee72e6, org.springframework.test.context.support.DirtiesContextTestExecutionListener@23529fee, org.springframework.test.context.transaction.TransactionalTestExecutionListener@4fe767f3, org.springframework.test.context.jdbc.SqlScriptsTestExecutionListener@2805c96b]
2019-04-29 13:44:30,830 INFO [org.springframework.beans.factory.xml.XmlBeanDefinitionReader] - Loading XML bean definitions from class path resource [spring-context.xml]
2019-04-29 13:44:31,349 INFO [org.springframework.beans.factory.xml.XmlBeanDefinitionReader] - Loading XML bean definitions from class path resource [spring-context-druid.xml]
2019-04-29 13:44:31,425 INFO [org.springframework.beans.factory.xml.XmlBeanDefinitionReader] - Loading XML bean definitions from class path resource [spring-context-mybatis.xml]
2019-04-29 13:44:31,459 INFO [org.springframework.context.support.GenericApplicationContext] - Refreshing org.springframework.context.support.GenericApplicationContext@353d0772: startup date [Mon Apr 29 13:44:31 CST 2019]; root of context hierarchy
2019-04-29 13:44:32,381 INFO [com.alibaba.druid.pool.DruidDataSource] - {dataSource-1} inited
2019-04-29 13:44:32,820 INFO [org.springframework.context.support.GenericApplicationContext] - Closing org.springframework.context.support.GenericApplicationContext@353d0772: startup date [Mon Apr 29 13:44:31 CST 2019]; root of context hierarchy
2019-04-29 13:44:32,823 INFO [com.alibaba.druid.pool.DruidDataSource] - {dataSource-1} closed
2019-04-29 13:45:10,104 INFO [org.springframework.test.context.support.DefaultTestContextBootstrapper] - Loaded default TestExecutionListener class names from location [META-INF/spring.factories]: [org.springframework.test.context.web.ServletTestExecutionListener, org.springframework.test.context.support.DirtiesContextBeforeModesTestExecutionListener, org.springframework.test.context.support.DependencyInjectionTestExecutionListener, org.springframework.test.context.support.DirtiesContextTestExecutionListener, org.springframework.test.context.transaction.TransactionalTestExecutionListener, org.springframework.test.context.jdbc.SqlScriptsTestExecutionListener]
2019-04-29 13:45:10,203 INFO [org.springframework.test.context.support.DefaultTestContextBootstrapper] - Using TestExecutionListeners: [org.springframework.test.context.web.ServletTestExecutionListener@75f32542, org.springframework.test.context.support.DirtiesContextBeforeModesTestExecutionListener@7f1302d6, org.springframework.test.context.support.DependencyInjectionTestExecutionListener@43ee72e6, org.springframework.test.context.support.DirtiesContextTestExecutionListener@23529fee, org.springframework.test.context.transaction.TransactionalTestExecutionListener@4fe767f3, org.springframework.test.context.jdbc.SqlScriptsTestExecutionListener@2805c96b]
2019-04-29 13:45:10,678 INFO [org.springframework.beans.factory.xml.XmlBeanDefinitionReader] - Loading XML bean definitions from class path resource [spring-context.xml]
2019-04-29 13:45:11,277 INFO [org.springframework.beans.factory.xml.XmlBeanDefinitionReader] - Loading XML bean definitions from class path resource [spring-context-druid.xml]
2019-04-29 13:45:11,340 INFO [org.springframework.beans.factory.xml.XmlBeanDefinitionReader] - Loading XML bean definitions from class path resource [spring-context-mybatis.xml]
2019-04-29 13:45:11,373 INFO [org.springframework.context.support.GenericApplicationContext] - Refreshing org.springframework.context.support.GenericApplicationContext@353d0772: startup date [Mon Apr 29 13:45:11 CST 2019]; root of context hierarchy
2019-04-29 13:45:12,778 INFO [com.alibaba.druid.pool.DruidDataSource] - {dataSource-1} inited
2019-04-29 13:45:13,426 INFO [org.springframework.context.support.GenericApplicationContext] - Closing org.springframework.context.support.GenericApplicationContext@353d0772: startup date [Mon Apr 29 13:45:11 CST 2019]; root of context hierarchy
2019-04-29 13:45:13,430 INFO [com.alibaba.druid.pool.DruidDataSource] - {dataSource-1} closed
2019-04-29 13:48:10,507 INFO [org.springframework.test.context.support.DefaultTestContextBootstrapper] - Loaded default TestExecutionListener class names from location [META-INF/spring.factories]: [org.springframework.test.context.web.ServletTestExecutionListener, org.springframework.test.context.support.DirtiesContextBeforeModesTestExecutionListener, org.springframework.test.context.support.DependencyInjectionTestExecutionListener, org.springframework.test.context.support.DirtiesContextTestExecutionListener, org.springframework.test.context.transaction.TransactionalTestExecutionListener, org.springframework.test.context.jdbc.SqlScriptsTestExecutionListener]
2019-04-29 13:48:10,543 INFO [org.springframework.test.context.support.DefaultTestContextBootstrapper] - Using TestExecutionListeners: [org.springframework.test.context.web.ServletTestExecutionListener@75f32542, org.springframework.test.context.support.DirtiesContextBeforeModesTestExecutionListener@7f1302d6, org.springframework.test.context.support.DependencyInjectionTestExecutionListener@43ee72e6, org.springframework.test.context.support.DirtiesContextTestExecutionListener@23529fee, org.springframework.test.context.transaction.TransactionalTestExecutionListener@4fe767f3, org.springframework.test.context.jdbc.SqlScriptsTestExecutionListener@2805c96b]
2019-04-29 13:48:10,736 INFO [org.springframework.beans.factory.xml.XmlBeanDefinitionReader] - Loading XML bean definitions from class path resource [spring-context.xml]
2019-04-29 13:48:11,085 INFO [org.springframework.beans.factory.xml.XmlBeanDefinitionReader] - Loading XML bean definitions from class path resource [spring-context-druid.xml]
2019-04-29 13:48:11,162 INFO [org.springframework.beans.factory.xml.XmlBeanDefinitionReader] - Loading XML bean definitions from class path resource [spring-context-mybatis.xml]
2019-04-29 13:48:11,269 INFO [org.springframework.context.support.GenericApplicationContext] - Refreshing org.springframework.context.support.GenericApplicationContext@353d0772: startup date [Mon Apr 29 13:48:11 CST 2019]; root of context hierarchy
2019-04-29 13:48:12,168 INFO [com.alibaba.druid.pool.DruidDataSource] - {dataSource-1} inited
2019-04-29 13:48:12,607 INFO [org.springframework.context.support.GenericApplicationContext] - Closing org.springframework.context.support.GenericApplicationContext@353d0772: startup date [Mon Apr 29 13:48:11 CST 2019]; root of context hierarchy
2019-04-29 13:48:12,610 INFO [com.alibaba.druid.pool.DruidDataSource] - {dataSource-1} closed
2019-04-29 13:48:36,303 INFO [org.springframework.test.context.support.DefaultTestContextBootstrapper] - Loaded default TestExecutionListener class names from location [META-INF/spring.factories]: [org.springframework.test.context.web.ServletTestExecutionListener, org.springframework.test.context.support.DirtiesContextBeforeModesTestExecutionListener, org.springframework.test.context.support.DependencyInjectionTestExecutionListener, org.springframework.test.context.support.DirtiesContextTestExecutionListener, org.springframework.test.context.transaction.TransactionalTestExecutionListener, org.springframework.test.context.jdbc.SqlScriptsTestExecutionListener]
2019-04-29 13:48:36,339 INFO [org.springframework.test.context.support.DefaultTestContextBootstrapper] - Using TestExecutionListeners: [org.springframework.test.context.web.ServletTestExecutionListener@75f32542, org.springframework.test.context.support.DirtiesContextBeforeModesTestExecutionListener@7f1302d6, org.springframework.test.context.support.DependencyInjectionTestExecutionListener@43ee72e6, org.springframework.test.context.support.DirtiesContextTestExecutionListener@23529fee, org.springframework.test.context.transaction.TransactionalTestExecutionListener@4fe767f3, org.springframework.test.context.jdbc.SqlScriptsTestExecutionListener@2805c96b]
2019-04-29 13:48:36,497 INFO [org.springframework.beans.factory.xml.XmlBeanDefinitionReader] - Loading XML bean definitions from class path resource [spring-context.xml]
2019-04-29 13:48:36,958 INFO [org.springframework.beans.factory.xml.XmlBeanDefinitionReader] - Loading XML bean definitions from class path resource [spring-context-druid.xml]
2019-04-29 13:48:37,025 INFO [org.springframework.beans.factory.xml.XmlBeanDefinitionReader] - Loading XML bean definitions from class path resource [spring-context-mybatis.xml]
2019-04-29 13:48:37,060 INFO [org.springframework.context.support.GenericApplicationContext] - Refreshing org.springframework.context.support.GenericApplicationContext@353d0772: startup date [Mon Apr 29 13:48:37 CST 2019]; root of context hierarchy
2019-04-29 13:48:37,990 INFO [com.alibaba.druid.pool.DruidDataSource] - {dataSource-1} inited
2019-04-29 13:49:29,934 INFO [org.springframework.context.support.GenericApplicationContext] - Closing org.springframework.context.support.GenericApplicationContext@353d0772: startup date [Mon Apr 29 13:48:37 CST 2019]; root of context hierarchy
2019-04-29 13:49:29,941 INFO [com.alibaba.druid.pool.DruidDataSource] - {dataSource-1} closed
2019-04-29 13:49:35,848 INFO [org.springframework.test.context.support.DefaultTestContextBootstrapper] - Loaded default TestExecutionListener class names from location [META-INF/spring.factories]: [org.springframework.test.context.web.ServletTestExecutionListener, org.springframework.test.context.support.DirtiesContextBeforeModesTestExecutionListener, org.springframework.test.context.support.DependencyInjectionTestExecutionListener, org.springframework.test.context.support.DirtiesContextTestExecutionListener, org.springframework.test.context.transaction.TransactionalTestExecutionListener, org.springframework.test.context.jdbc.SqlScriptsTestExecutionListener]
2019-04-29 13:49:35,880 INFO [org.springframework.test.context.support.DefaultTestContextBootstrapper] - Using TestExecutionListeners: [org.springframework.test.context.web.ServletTestExecutionListener@75f32542, org.springframework.test.context.support.DirtiesContextBeforeModesTestExecutionListener@7f1302d6, org.springframework.test.context.support.DependencyInjectionTestExecutionListener@43ee72e6, org.springframework.test.context.support.DirtiesContextTestExecutionListener@23529fee, org.springframework.test.context.transaction.TransactionalTestExecutionListener@4fe767f3, org.springframework.test.context.jdbc.SqlScriptsTestExecutionListener@2805c96b]
2019-04-29 13:49:36,036 INFO [org.springframework.beans.factory.xml.XmlBeanDefinitionReader] - Loading XML bean definitions from class path resource [spring-context.xml]
2019-04-29 13:49:36,594 INFO [org.springframework.beans.factory.xml.XmlBeanDefinitionReader] - Loading XML bean definitions from class path resource [spring-context-druid.xml]
2019-04-29 13:49:36,680 INFO [org.springframework.beans.factory.xml.XmlBeanDefinitionReader] - Loading XML bean definitions from class path resource [spring-context-mybatis.xml]
2019-04-29 13:49:36,812 INFO [org.springframework.context.support.GenericApplicationContext] - Refreshing org.springframework.context.support.GenericApplicationContext@353d0772: startup date [Mon Apr 29 13:49:36 CST 2019]; root of context hierarchy
2019-04-29 13:49:37,847 INFO [com.alibaba.druid.pool.DruidDataSource] - {dataSource-1} inited
2019-04-29 13:49:57,144 INFO [org.springframework.context.support.GenericApplicationContext] - Closing org.springframework.context.support.GenericApplicationContext@353d0772: startup date [Mon Apr 29 13:49:36 CST 2019]; root of context hierarchy
2019-04-29 13:49:57,149 INFO [com.alibaba.druid.pool.DruidDataSource] - {dataSource-1} closed
2019-04-29 14:08:27,200 INFO [org.springframework.test.context.support.DefaultTestContextBootstrapper] - Loaded default TestExecutionListener class names from location [META-INF/spring.factories]: [org.springframework.test.context.web.ServletTestExecutionListener, org.springframework.test.context.support.DirtiesContextBeforeModesTestExecutionListener, org.springframework.test.context.support.DependencyInjectionTestExecutionListener, org.springframework.test.context.support.DirtiesContextTestExecutionListener, org.springframework.test.context.transaction.TransactionalTestExecutionListener, org.springframework.test.context.jdbc.SqlScriptsTestExecutionListener]
2019-04-29 14:08:27,240 INFO [org.springframework.test.context.support.DefaultTestContextBootstrapper] - Using TestExecutionListeners: [org.springframework.test.context.web.ServletTestExecutionListener@75f32542, org.springframework.test.context.support.DirtiesContextBeforeModesTestExecutionListener@7f1302d6, org.springframework.test.context.support.DependencyInjectionTestExecutionListener@43ee72e6, org.springframework.test.context.support.DirtiesContextTestExecutionListener@23529fee, org.springframework.test.context.transaction.TransactionalTestExecutionListener@4fe767f3, org.springframework.test.context.jdbc.SqlScriptsTestExecutionListener@2805c96b]
2019-04-29 14:08:27,421 INFO [org.springframework.beans.factory.xml.XmlBeanDefinitionReader] - Loading XML bean definitions from class path resource [spring-context.xml]
2019-04-29 14:08:27,814 INFO [org.springframework.beans.factory.xml.XmlBeanDefinitionReader] - Loading XML bean definitions from class path resource [spring-context-druid.xml]
2019-04-29 14:08:27,874 INFO [org.springframework.beans.factory.xml.XmlBeanDefinitionReader] - Loading XML bean definitions from class path resource [spring-context-mybatis.xml]
2019-04-29 14:08:27,902 INFO [org.springframework.context.support.GenericApplicationContext] - Refreshing org.springframework.context.support.GenericApplicationContext@353d0772: startup date [Mon Apr 29 14:08:27 CST 2019]; root of context hierarchy
2019-04-29 14:08:28,796 INFO [com.alibaba.druid.pool.DruidDataSource] - {dataSource-1} inited
2019-04-29 14:08:29,209 INFO [org.springframework.context.support.GenericApplicationContext] - Closing org.springframework.context.support.GenericApplicationContext@353d0772: startup date [Mon Apr 29 14:08:27 CST 2019]; root of context hierarchy
2019-04-29 14:08:29,213 INFO [com.alibaba.druid.pool.DruidDataSource] - {dataSource-1} closed
2019-04-29 14:09:02,206 INFO [org.springframework.test.context.support.DefaultTestContextBootstrapper] - Loaded default TestExecutionListener class names from location [META-INF/spring.factories]: [org.springframework.test.context.web.ServletTestExecutionListener, org.springframework.test.context.support.DirtiesContextBeforeModesTestExecutionListener, org.springframework.test.context.support.DependencyInjectionTestExecutionListener, org.springframework.test.context.support.DirtiesContextTestExecutionListener, org.springframework.test.context.transaction.TransactionalTestExecutionListener, org.springframework.test.context.jdbc.SqlScriptsTestExecutionListener]
2019-04-29 14:09:02,240 INFO [org.springframework.test.context.support.DefaultTestContextBootstrapper] - Using TestExecutionListeners: [org.springframework.test.context.web.ServletTestExecutionListener@75f32542, org.springframework.test.context.support.DirtiesContextBeforeModesTestExecutionListener@7f1302d6, org.springframework.test.context.support.DependencyInjectionTestExecutionListener@43ee72e6, org.springframework.test.context.support.DirtiesContextTestExecutionListener@23529fee, org.springframework.test.context.transaction.TransactionalTestExecutionListener@4fe767f3, org.springframework.test.context.jdbc.SqlScriptsTestExecutionListener@2805c96b]
2019-04-29 14:09:02,435 INFO [org.springframework.beans.factory.xml.XmlBeanDefinitionReader] - Loading XML bean definitions from class path resource [spring-context.xml]
2019-04-29 14:09:02,811 INFO [org.springframework.beans.factory.xml.XmlBeanDefinitionReader] - Loading XML bean definitions from class path resource [spring-context-druid.xml]
2019-04-29 14:09:02,865 INFO [org.springframework.beans.factory.xml.XmlBeanDefinitionReader] - Loading XML bean definitions from class path resource [spring-context-mybatis.xml]
2019-04-29 14:09:02,931 INFO [org.springframework.context.support.GenericApplicationContext] - Refreshing org.springframework.context.support.GenericApplicationContext@353d0772: startup date [Mon Apr 29 14:09:02 CST 2019]; root of context hierarchy
2019-04-29 14:09:03,859 INFO [com.alibaba.druid.pool.DruidDataSource] - {dataSource-1} inited
2019-04-29 14:09:04,285 INFO [org.springframework.context.support.GenericApplicationContext] - Closing org.springframework.context.support.GenericApplicationContext@353d0772: startup date [Mon Apr 29 14:09:02 CST 2019]; root of context hierarchy
2019-04-29 14:09:04,289 INFO [com.alibaba.druid.pool.DruidDataSource] - {dataSource-1} closed
